2025-01-14 20:15:40,149 INFO o.h.v.i.u.Version [background-preinit] HV000001: Hibernate Validator 8.0.1.Final
2025-01-14 20:15:40,212 INFO o.s.b.StartupInfoLogger [restartedMain] Starting Application using Java 17.0.12 with PID 12796 (D:\WorkT\Projects Java\GraphDepG\target\classes started by thlho in D:\WorkT\Projects Java\GraphDepG)
2025-01-14 20:15:40,213 DEBUG o.s.b.StartupInfoLogger [restartedMain] Running with Spring Boot v3.2.0, Spring v6.1.1
2025-01-14 20:15:40,214 INFO o.s.b.SpringApplication [restartedMain] No active profile set, falling back to 1 default profile: "default"
2025-01-14 20:15:40,485 INFO o.s.b.l.DeferredLog [restartedMain] Devtools property defaults active! Set 'spring.devtools.add-properties' to 'false' to disable
2025-01-14 20:15:40,489 INFO o.s.b.l.DeferredLog [restartedMain] For additional web related logging consider setting the 'logging.level.web' property to 'DEBUG'
2025-01-14 20:15:41,178 INFO o.s.d.r.c.RepositoryConfigurationDelegate [restartedMain] Bootstrapping Spring Data JPA repositories in DEFAULT mode.
2025-01-14 20:15:41,194 INFO o.s.d.r.c.RepositoryConfigurationDelegate [restartedMain] Finished Spring Data repository scanning in 20 ms. Found 0 JPA repository interfaces.
2025-01-14 20:15:41,944 INFO o.s.b.w.e.t.TomcatWebServer [restartedMain] Tomcat initialized with port 8443 (http)
2025-01-14 20:15:41,950 INFO o.a.j.l.DirectJDKLog [restartedMain] Initializing ProtocolHandler ["http-nio-8443"]
2025-01-14 20:15:41,950 INFO o.a.j.l.DirectJDKLog [restartedMain] Starting service [Tomcat]
2025-01-14 20:15:41,950 INFO o.a.j.l.DirectJDKLog [restartedMain] Starting Servlet engine: [Apache Tomcat/10.1.16]
2025-01-14 20:15:42,028 INFO o.a.j.l.DirectJDKLog [restartedMain] Initializing Spring embedded WebApplicationContext
2025-01-14 20:15:42,028 INFO o.s.b.w.s.c.ServletWebServerApplicationContext [restartedMain] Root WebApplicationContext: initialization completed in 1538 ms
2025-01-14 20:15:42,076 INFO c.z.h.HikariDataSource [restartedMain] HikariPool-1 - Starting...
2025-01-14 20:15:42,367 INFO c.z.h.p.HikariPool [restartedMain] HikariPool-1 - Added connection conn0: url=jdbc:h2:mem:ctgraphdb user=SA
2025-01-14 20:15:42,367 INFO c.z.h.HikariDataSource [restartedMain] HikariPool-1 - Start completed.
2025-01-14 20:15:42,374 INFO o.s.b.a.h.H2ConsoleAutoConfiguration [restartedMain] H2 console available at '/h2-console'. Database available at 'jdbc:h2:mem:ctgraphdb'
2025-01-14 20:15:42,499 WARN o.a.j.l.DirectJDKLog [restartedMain] Cannot deserialize session attribute [SPRING_SECURITY_CONTEXT] for session [2DDF1405B04022384879BCFB2B9472B2]
2025-01-14 20:15:42,735 INFO o.h.j.i.u.LogHelper [restartedMain] HHH000204: Processing PersistenceUnitInfo [name: default]
2025-01-14 20:15:42,888 INFO o.h.Version [restartedMain] HHH000412: Hibernate ORM core version 6.3.1.Final
2025-01-14 20:15:42,949 INFO o.h.c.i.RegionFactoryInitiator [restartedMain] HHH000026: Second-level cache disabled
2025-01-14 20:15:43,107 INFO o.s.o.j.p.SpringPersistenceUnitInfo [restartedMain] No LoadTimeWeaver setup: ignoring JPA class transformer
2025-01-14 20:15:43,323 INFO o.h.e.t.j.p.i.JtaPlatformInitiator [restartedMain] HHH000489: No JTA platform available (set 'hibernate.transaction.jta.platform' to enable JTA platform integration)
2025-01-14 20:15:43,325 INFO o.s.o.j.AbstractEntityManagerFactoryBean [restartedMain] Initialized JPA EntityManagerFactory for persistence unit 'default'
2025-01-14 20:15:43,346 INFO c.c.u.LoggerUtil [restartedMain] Initializing PathConfig$$SpringCGLIB$$0: Initializing Path Configuration
2025-01-14 20:15:43,349 INFO c.c.u.LoggerUtil [restartedMain] Initialized paths - Network: D:\servernetworkgrafubu\CTTT, Installation: D:\serverlocalhome\CTTT, Development: D:\serverlocaldevelopment
2025-01-14 20:15:43,349 INFO c.c.u.LoggerUtil [restartedMain] Initialized directory mappings
2025-01-14 20:15:43,366 INFO c.c.u.LoggerUtil [restartedMain] Using network path: D:\servernetworkgrafubu\CTTT
2025-01-14 20:15:43,381 INFO c.c.u.LoggerUtil [restartedMain] Initializing FileSyncService: Initializing File Sync Service
2025-01-14 20:15:43,381 INFO c.c.u.LoggerUtil [restartedMain] Initializing DataAccessService: Initializing Data Access Service
2025-01-14 20:15:43,398 INFO c.c.u.LoggerUtil [restartedMain] Initializing UserServiceImpl: Initializing User Service
2025-01-14 20:15:43,398 INFO c.c.u.LoggerUtil [restartedMain] Initializing UserWorkTimeService: Initializing User WorkTime Service
2025-01-14 20:15:43,398 INFO c.c.u.LoggerUtil [restartedMain] Initializing SessionPersistenceService: Initializing Session Persistence Service
2025-01-14 20:15:43,429 INFO c.c.u.LoggerUtil [restartedMain] Initializing UserSessionService: Initializing User Session Service
2025-01-14 20:15:43,429 INFO c.c.u.LoggerUtil [restartedMain] Initializing AuthenticationService: Initializing Authentication Service
2025-01-14 20:15:43,444 INFO c.c.u.LoggerUtil [restartedMain] Initializing AboutController: Initializing About Controller
2025-01-14 20:15:43,444 INFO c.c.u.LoggerUtil [restartedMain] Initializing FolderStatusService: Initializing Folder Status Service
2025-01-14 20:15:43,460 INFO c.c.u.LoggerUtil [restartedMain] Initializing AdminBonusService: Starting bonus management services
2025-01-14 20:15:43,460 INFO c.c.u.LoggerUtil [restartedMain] Initializing AdminBonusController: Initializing Admin Bonus Controller
2025-01-14 20:15:43,460 INFO c.c.u.LoggerUtil [restartedMain] Initializing OnlineMetricsService: Initializing Online Metrics Service
2025-01-14 20:15:43,476 INFO c.c.u.LoggerUtil [restartedMain] Added permissions for role ROLE_USER: MANAGE_ACCOUNT, VIEW_STATUS_USER, ACCESS_OMS, MANAGE_SESSION, VIEW_WORKTIME_USER, REQUEST_TIMEOFF, MANAGE_USER_REGISTER
2025-01-14 20:15:43,476 INFO c.c.u.LoggerUtil [restartedMain] Added permissions for role ROLE_ADMIN: VIEW_WORKTIME_ADMIN, REQUEST_TIMEOFF, MANAGE_USER_REGISTER, MANAGE_HOLIDAYS, ACCESS_OMS, MANAGE_ACCOUNT, VIEW_STATUS_ADMIN, MANAGE_ADMIN_REGISTER, MANAGE_SESSION, MANAGE_SETTINGS
2025-01-14 20:15:43,476 INFO c.c.u.LoggerUtil [restartedMain] Added permissions for role ROLE_TEAM_LEADER: VIEW_WORKTIME_USER, MANAGE_SESSION, VIEW_STATUS_ADMIN
2025-01-14 20:15:43,476 INFO c.c.u.LoggerUtil [restartedMain] Initializing AdminDashboardController: Initializing Base Dashboard Controller
2025-01-14 20:15:43,476 INFO c.c.u.LoggerUtil [restartedMain] Initializing AdminPaidHolidayService: Initializing Paid Holiday Service
2025-01-14 20:15:43,476 INFO c.c.u.LoggerUtil [restartedMain] Initializing HolidayHistoryService: Initializing Holiday History Service
2025-01-14 20:15:43,492 INFO c.c.u.LoggerUtil [restartedMain] Initializing AdminHolidayController: Initializing Paid Holiday Controller
2025-01-14 20:15:43,492 INFO c.c.u.LoggerUtil [restartedMain] Initializing WorkTimeManagementService: Initializing WorkTime Management Service
2025-01-14 20:15:43,508 INFO c.c.u.LoggerUtil [restartedMain] Initializing AdminRegisterController: Initializing Admin Register Controller
2025-01-14 20:15:43,514 INFO c.c.u.LoggerUtil [restartedMain] Initializing HolidayManagementService: Initializing Holiday Management Service
2025-01-14 20:15:43,514 INFO c.c.u.LoggerUtil [restartedMain] Initializing UserManagementService: Initializing User Management Service
2025-01-14 20:15:43,514 INFO c.c.u.LoggerUtil [restartedMain] Initializing AdminSettingsController: Initializing Admin Settings Controller
2025-01-14 20:15:43,521 INFO c.c.u.LoggerUtil [restartedMain] Initializing WorkTimeConsolidationService: Initializing WorkTime Consolidation Service
2025-01-14 20:15:43,523 INFO c.c.u.LoggerUtil [restartedMain] Initializing AdminWorkTimeController: Initializing Admin Worktime Controller
2025-01-14 20:15:43,523 INFO c.c.u.LoggerUtil [restartedMain] Initializing FolderStatusController: Initializing Status Controller
2025-01-14 20:15:43,523 INFO c.c.u.LoggerUtil [restartedMain] Initializing HomeController: Initializing Home Controller
2025-01-14 20:15:43,523 INFO c.c.u.LoggerUtil [restartedMain] Initializing LoginController: Initializing Login Controller
2025-01-14 20:15:43,523 INFO c.c.u.LoggerUtil [restartedMain] Initializing StatusController: Initializing Status Controller
2025-01-14 20:15:43,523 INFO c.c.u.LoggerUtil [restartedMain] Initializing UserDashboardController: Initializing Base Dashboard Controller
2025-01-14 20:15:43,523 INFO c.c.u.LoggerUtil [restartedMain] Initializing UserRegisterService: Initializing Register Service
2025-01-14 20:15:43,538 INFO c.c.u.LoggerUtil [restartedMain] Initializing UserRegisterController: Initializing Register Controller
2025-01-14 20:15:43,538 INFO c.c.u.LoggerUtil [restartedMain] Initializing UserRestController: Initializing User REST Controller
2025-01-14 20:15:43,538 INFO c.c.u.LoggerUtil [restartedMain] Initializing SessionCalculationService: Initializing Session Calculation Service
2025-01-14 20:15:43,538 INFO c.c.u.LoggerUtil [restartedMain] Initializing UserSessionController: Initializing User Session Controller
2025-01-14 20:15:43,538 INFO c.c.u.LoggerUtil [restartedMain] Initializing UserSettingsController: Initializing User Settings Controller
2025-01-14 20:15:43,554 INFO c.c.u.LoggerUtil [restartedMain] Initializing UserTimeOffService: Initializing User Time Off Service
2025-01-14 20:15:43,570 INFO c.c.u.LoggerUtil [restartedMain] Initializing UserWorkTimeDisplayService: Initializing User Worktime Display Service
2025-01-14 20:15:43,570 INFO c.c.u.LoggerUtil [restartedMain] Initializing WorkTimeEntrySyncService: Initializing WorkTime Entry Sync Service
2025-01-14 20:15:43,586 INFO c.c.u.LoggerUtil [restartedMain] Initializing UserWorktimeController: Initializing User Worktime Controller
2025-01-14 20:15:43,586 INFO c.c.u.LoggerUtil [restartedMain] Initializing CustomAuthenticationProvider: Initializing Custom Authentication Provider
2025-01-14 20:15:43,586 INFO c.c.u.LoggerUtil [restartedMain] Initializing CustomUserDetailsService: Initializing Custom User Details Service
2025-01-14 20:15:43,586 INFO c.c.u.LoggerUtil [restartedMain] Initializing FileLocationStrategy: Initializing File Location Strategy
2025-01-14 20:15:43,621 DEBUG c.c.u.LoggerUtil [restartedMain] Reading file: D:\serverlocalhome\CTTT\dbj\user\usersession\session_laura_4.json (filename: session_laura_4.json)
2025-01-14 20:15:43,621 DEBUG c.c.u.LoggerUtil [restartedMain] Reading existing file: D:\serverlocalhome\CTTT\dbj\user\usersession\session_laura_4.json, size: 534 bytes
2025-01-14 20:15:43,742 DEBUG c.c.u.LoggerUtil [restartedMain] Reading file: D:\serverlocalhome\CTTT\dbj\user\usersession\session_tudor_2.json (filename: session_tudor_2.json)
2025-01-14 20:15:43,742 DEBUG c.c.u.LoggerUtil [restartedMain] Reading existing file: D:\serverlocalhome\CTTT\dbj\user\usersession\session_tudor_2.json, size: 534 bytes
2025-01-14 20:15:43,742 INFO c.c.u.LoggerUtil [restartedMain] Initializing SyncStatusManager: Initializing Sync Status Manager
2025-01-14 20:15:43,757 INFO c.c.u.LoggerUtil [restartedMain] Initializing NetworkMonitorService: Initializing Network Monitor Service
2025-01-14 20:15:43,758 INFO c.c.u.LoggerUtil [restartedMain] Network monitoring started
2025-01-14 20:15:43,758 INFO c.c.u.LoggerUtil [pool-4-thread-1] Network status changed from false to true
2025-01-14 20:15:43,758 INFO c.c.u.LoggerUtil [pool-4-thread-1] Network status changed to: Available
2025-01-14 20:15:43,892 INFO c.c.u.LoggerUtil [restartedMain] Initializing CustomAuthenticationProvider: Initializing Custom Authentication Provider
2025-01-14 20:15:44,121 INFO o.s.s.w.DefaultSecurityFilterChain [restartedMain] Will secure any request with [org.springframework.security.web.session.DisableEncodeUrlFilter@136c8d2d, org.springframework.security.web.context.request.async.WebAsyncManagerIntegrationFilter@214f72aa, org.springframework.security.web.context.SecurityContextHolderFilter@55f0979c, org.springframework.security.web.header.HeaderWriterFilter@2cf14c13, org.springframework.web.filter.CorsFilter@7f8305e0, org.springframework.security.web.authentication.logout.LogoutFilter@3f7f603, org.springframework.security.web.authentication.UsernamePasswordAuthenticationFilter@c234df4, org.springframework.security.web.savedrequest.RequestCacheAwareFilter@165728e0, org.springframework.security.web.servletapi.SecurityContextHolderAwareRequestFilter@4f5574b1, org.springframework.security.web.authentication.rememberme.RememberMeAuthenticationFilter@2d9e6192, org.springframework.security.web.authentication.AnonymousAuthenticationFilter@4be5f4ae, org.springframework.security.web.access.ExceptionTranslationFilter@4ab7931e, org.springframework.security.web.access.intercept.AuthorizationFilter@3083007b]
2025-01-14 20:15:44,715 INFO o.s.b.d.a.OptionalLiveReloadServer [restartedMain] LiveReload server is running on port 35729
2025-01-14 20:15:44,746 INFO o.a.j.l.DirectJDKLog [restartedMain] Starting ProtocolHandler ["http-nio-8443"]
2025-01-14 20:15:44,794 INFO o.s.b.w.e.t.TomcatWebServer [restartedMain] Tomcat started on port 8443 (http) with context path ''
2025-01-14 20:15:44,809 INFO o.s.b.StartupInfoLogger [restartedMain] Started Application in 5.042 seconds (process running for 5.45)
2025-01-14 20:15:44,822 INFO c.c.u.LoggerUtil [restartedMain] Headless mode check - GraphicsEnvironment: false, System property: false
2025-01-14 20:15:46,113 INFO c.c.u.LoggerUtil [AWT-EventQueue-0] System tray icon created successfully
2025-01-14 20:15:46,113 INFO c.c.u.LoggerUtil [AWT-EventQueue-0] System tray initialized successfully
2025-01-14 20:16:42,568 INFO c.c.u.LoggerUtil [Catalina-utility-1] Session destroyed: 2DDF1405B04022384879BCFB2B9472B2
2025-01-14 21:29:03,661 INFO c.c.u.LoggerUtil [SpringApplicationShutdownHook] Network monitoring stopped
2025-01-14 21:29:03,661 INFO c.c.u.LoggerUtil [SpringApplicationShutdownHook] Background monitor executor shutdown complete
2025-01-14 21:29:03,663 INFO c.c.u.LoggerUtil [SpringApplicationShutdownHook] File sync service scheduler shutdown completed
2025-01-14 21:29:03,663 INFO o.s.o.j.AbstractEntityManagerFactoryBean [SpringApplicationShutdownHook] Closing JPA EntityManagerFactory for persistence unit 'default'
2025-01-14 21:29:03,668 WARN o.s.b.f.s.DisposableBeanAdapter [SpringApplicationShutdownHook] Invocation of destroy method failed on bean with name 'inMemoryDatabaseShutdownExecutor': org.h2.jdbc.JdbcSQLNonTransientConnectionException: Database is already closed (to disable automatic closing at VM shutdown, add ";DB_CLOSE_ON_EXIT=FALSE" to the db URL) [90121-224]
2025-01-14 21:29:03,668 INFO c.z.h.HikariDataSource [SpringApplicationShutdownHook] HikariPool-1 - Shutdown initiated...
2025-01-14 21:29:03,668 INFO c.z.h.HikariDataSource [SpringApplicationShutdownHook] HikariPool-1 - Shutdown completed.
