2025-01-03 21:58:01,161 INFO o.h.v.i.u.Version [background-preinit] HV000001: Hibernate Validator 8.0.1.Final
2025-01-03 21:58:01,210 INFO o.s.b.StartupInfoLogger [restartedMain] Starting Application using Java 17.0.12 with PID 3260 (D:\WorkT\Projects Java\GraphDepG\target\classes started by thlho in D:\WorkT\Projects Java\GraphDepG)
2025-01-03 21:58:01,210 DEBUG o.s.b.StartupInfoLogger [restartedMain] Running with Spring Boot v3.2.0, Spring v6.1.1
2025-01-03 21:58:01,210 INFO o.s.b.SpringApplication [restartedMain] No active profile set, falling back to 1 default profile: "default"
2025-01-03 21:58:01,518 INFO o.s.b.l.DeferredLog [restartedMain] Devtools property defaults active! Set 'spring.devtools.add-properties' to 'false' to disable
2025-01-03 21:58:01,528 INFO o.s.b.l.DeferredLog [restartedMain] For additional web related logging consider setting the 'logging.level.web' property to 'DEBUG'
2025-01-03 21:58:02,229 INFO o.s.d.r.c.RepositoryConfigurationDelegate [restartedMain] Bootstrapping Spring Data JPA repositories in DEFAULT mode.
2025-01-03 21:58:02,253 INFO o.s.d.r.c.RepositoryConfigurationDelegate [restartedMain] Finished Spring Data repository scanning in 17 ms. Found 0 JPA repository interfaces.
2025-01-03 21:58:03,055 INFO o.s.b.w.e.t.TomcatWebServer [restartedMain] Tomcat initialized with port 8443 (http)
2025-01-03 21:58:03,069 INFO o.a.j.l.DirectJDKLog [restartedMain] Initializing ProtocolHandler ["http-nio-8443"]
2025-01-03 21:58:03,074 INFO o.a.j.l.DirectJDKLog [restartedMain] Starting service [Tomcat]
2025-01-03 21:58:03,074 INFO o.a.j.l.DirectJDKLog [restartedMain] Starting Servlet engine: [Apache Tomcat/10.1.16]
2025-01-03 21:58:03,170 INFO o.a.j.l.DirectJDKLog [restartedMain] Initializing Spring embedded WebApplicationContext
2025-01-03 21:58:03,172 INFO o.s.b.w.s.c.ServletWebServerApplicationContext [restartedMain] Root WebApplicationContext: initialization completed in 1638 ms
2025-01-03 21:58:03,216 INFO c.z.h.HikariDataSource [restartedMain] HikariPool-1 - Starting...
2025-01-03 21:58:03,436 INFO c.z.h.p.HikariPool [restartedMain] HikariPool-1 - Added connection conn0: url=jdbc:h2:mem:ctgraphdb user=SA
2025-01-03 21:58:03,451 INFO c.z.h.HikariDataSource [restartedMain] HikariPool-1 - Start completed.
2025-01-03 21:58:03,467 INFO o.s.b.a.h.H2ConsoleAutoConfiguration [restartedMain] H2 console available at '/h2-console'. Database available at 'jdbc:h2:mem:ctgraphdb'
2025-01-03 21:58:03,764 INFO o.h.j.i.u.LogHelper [restartedMain] HHH000204: Processing PersistenceUnitInfo [name: default]
2025-01-03 21:58:03,983 INFO o.h.Version [restartedMain] HHH000412: Hibernate ORM core version 6.3.1.Final
2025-01-03 21:58:04,093 INFO o.h.c.i.RegionFactoryInitiator [restartedMain] HHH000026: Second-level cache disabled
2025-01-03 21:58:04,362 INFO o.s.o.j.p.SpringPersistenceUnitInfo [restartedMain] No LoadTimeWeaver setup: ignoring JPA class transformer
2025-01-03 21:58:04,626 INFO o.h.e.t.j.p.i.JtaPlatformInitiator [restartedMain] HHH000489: No JTA platform available (set 'hibernate.transaction.jta.platform' to enable JTA platform integration)
2025-01-03 21:58:04,630 INFO o.s.o.j.AbstractEntityManagerFactoryBean [restartedMain] Initialized JPA EntityManagerFactory for persistence unit 'default'
2025-01-03 21:58:04,646 INFO c.c.u.LoggerUtil [restartedMain] Initializing PathConfig$$SpringCGLIB$$0: Initializing Path Configuration
2025-01-03 21:58:04,660 INFO c.c.u.LoggerUtil [restartedMain] Initialized paths - Network: D:\serverlocalgrafubu\CTTT, Installation: D:\serverlocalhome\CTTT, Development: D:\serverlocaldevelopment
2025-01-03 21:58:04,660 INFO c.c.u.LoggerUtil [restartedMain] Initialized directory mappings
2025-01-03 21:58:04,661 INFO c.c.u.LoggerUtil [restartedMain] Using network path: D:\serverlocalgrafubu\CTTT
2025-01-03 21:58:04,680 INFO c.c.u.LoggerUtil [restartedMain] Initializing DataAccessService: Initializing Data Access Service
2025-01-03 21:58:04,692 INFO c.c.u.LoggerUtil [restartedMain] Initializing UserServiceImpl: Initializing User Service
2025-01-03 21:58:04,694 INFO c.c.u.LoggerUtil [restartedMain] Initializing UserWorkTimeService: Initializing User WorkTime Service
2025-01-03 21:58:04,696 INFO c.c.u.LoggerUtil [restartedMain] Initializing SessionPersistenceService: Initializing Session Persistence Service
2025-01-03 21:58:04,721 INFO c.c.u.LoggerUtil [restartedMain] Initializing UserSessionService: Initializing User Session Service
2025-01-03 21:58:04,723 INFO c.c.u.LoggerUtil [restartedMain] Initializing AuthenticationService: Initializing Authentication Service
2025-01-03 21:58:04,726 INFO c.c.u.LoggerUtil [restartedMain] Initializing AboutController: Initializing About Controller
2025-01-03 21:58:04,736 INFO c.c.u.LoggerUtil [restartedMain] Initializing FolderStatusService: Initializing Folder Status Service
2025-01-03 21:58:04,744 INFO c.c.u.LoggerUtil [restartedMain] Initializing AdminBonusService: Initializing Admin Bonus Service
2025-01-03 21:58:04,745 INFO c.c.u.LoggerUtil [restartedMain] Initializing AdminBonusController: Initializing Admin Bonus Controller
2025-01-03 21:58:04,755 INFO c.c.u.LoggerUtil [restartedMain] Initializing OnlineMetricsService: Initializing Online Metrics Service
2025-01-03 21:58:04,763 INFO c.c.u.LoggerUtil [restartedMain] Added permissions for role ROLE_USER: REQUEST_TIMEOFF, MANAGE_USER_REGISTER, MANAGE_ACCOUNT, VIEW_STATUS_USER, ACCESS_OMS, MANAGE_SESSION, VIEW_WORKTIME_USER
2025-01-03 21:58:04,764 INFO c.c.u.LoggerUtil [restartedMain] Added permissions for role ROLE_ADMIN: ACCESS_OMS, MANAGE_ACCOUNT, VIEW_STATUS_ADMIN, MANAGE_ADMIN_REGISTER, MANAGE_SESSION, MANAGE_SETTINGS, VIEW_WORKTIME_ADMIN, REQUEST_TIMEOFF, MANAGE_USER_REGISTER, MANAGE_HOLIDAYS
2025-01-03 21:58:04,764 INFO c.c.u.LoggerUtil [restartedMain] Added permissions for role ROLE_TEAM_LEADER: MANAGE_SESSION, VIEW_STATUS_ADMIN, VIEW_WORKTIME_USER
2025-01-03 21:58:04,765 INFO c.c.u.LoggerUtil [restartedMain] Initializing AdminDashboardController: Initializing Base Dashboard Controller
2025-01-03 21:58:04,773 INFO c.c.u.LoggerUtil [restartedMain] Initializing AdminPaidHolidayService: Initializing Paid Holiday Service
2025-01-03 21:58:04,776 INFO c.c.u.LoggerUtil [restartedMain] Initializing HolidayHistoryService: Initializing Holiday History Service
2025-01-03 21:58:04,777 INFO c.c.u.LoggerUtil [restartedMain] Initializing AdminHolidayController: Initializing Paid Holiday Controller
2025-01-03 21:58:04,791 INFO c.c.u.LoggerUtil [restartedMain] Initializing WorkTimeManagementService: Initializing WorkTime Management Service
2025-01-03 21:58:04,799 INFO c.c.u.LoggerUtil [restartedMain] Initializing AdminRegisterController: Initializing Admin Register Controller
2025-01-03 21:58:04,803 INFO c.c.u.LoggerUtil [restartedMain] Initializing HolidayManagementService: Initializing Holiday Management Service
2025-01-03 21:58:04,804 INFO c.c.u.LoggerUtil [restartedMain] Initializing UserManagementService: Initializing User Management Service
2025-01-03 21:58:04,804 INFO c.c.u.LoggerUtil [restartedMain] Initializing AdminSettingsController: Initializing Admin Settings Controller
2025-01-03 21:58:04,812 INFO c.c.u.LoggerUtil [restartedMain] Initializing WorkTimeConsolidationService: Initializing WorkTime Consolidation Service
2025-01-03 21:58:04,819 INFO c.c.u.LoggerUtil [restartedMain] Initializing AdminWorkTimeController: Initializing Admin Worktime Controller
2025-01-03 21:58:04,821 INFO c.c.u.LoggerUtil [restartedMain] Initializing FolderStatusController: Initializing Status Controller
2025-01-03 21:58:04,823 INFO c.c.u.LoggerUtil [restartedMain] Initializing HomeController: Initializing Home Controller
2025-01-03 21:58:04,826 INFO c.c.u.LoggerUtil [restartedMain] Initializing LoginController: Initializing Login Controller
2025-01-03 21:58:04,829 INFO c.c.u.LoggerUtil [restartedMain] Initializing StatusController: Initializing Status Controller
2025-01-03 21:58:04,830 INFO c.c.u.LoggerUtil [restartedMain] Initializing UserDashboardController: Initializing Base Dashboard Controller
2025-01-03 21:58:04,833 INFO c.c.u.LoggerUtil [restartedMain] Initializing UserRegisterService: Initializing Register Service
2025-01-03 21:58:04,835 INFO c.c.u.LoggerUtil [restartedMain] Initializing UserRegisterController: Initializing Register Controller
2025-01-03 21:58:04,840 INFO c.c.u.LoggerUtil [restartedMain] Initializing UserRestController: Initializing User REST Controller
2025-01-03 21:58:04,844 INFO c.c.u.LoggerUtil [restartedMain] Initializing SessionCalculationService: Initializing Session Calculation Service
2025-01-03 21:58:04,845 INFO c.c.u.LoggerUtil [restartedMain] Initializing UserSessionController: Initializing User Session Controller
2025-01-03 21:58:04,848 INFO c.c.u.LoggerUtil [restartedMain] Initializing UserSettingsController: Initializing User Settings Controller
2025-01-03 21:58:04,855 INFO c.c.u.LoggerUtil [restartedMain] Initializing UserTimeOffService: Initializing User Time Off Service
2025-01-03 21:58:04,878 INFO c.c.u.LoggerUtil [restartedMain] Initializing UserWorkTimeDisplayService: Initializing User Worktime Display Service
2025-01-03 21:58:04,880 INFO c.c.u.LoggerUtil [restartedMain] Initializing WorkTimeEntrySyncService: Initializing WorkTime Entry Sync Service
2025-01-03 21:58:04,882 INFO c.c.u.LoggerUtil [restartedMain] Initializing UserWorktimeController: Initializing User Worktime Controller
2025-01-03 21:58:04,885 INFO c.c.u.LoggerUtil [restartedMain] Initializing CustomAuthenticationProvider: Initializing Custom Authentication Provider
2025-01-03 21:58:04,887 INFO c.c.u.LoggerUtil [restartedMain] Initializing CustomUserDetailsService: Initializing Custom User Details Service
2025-01-03 21:58:05,235 INFO c.c.u.LoggerUtil [restartedMain] Initializing CustomAuthenticationProvider: Initializing Custom Authentication Provider
2025-01-03 21:58:05,600 INFO o.s.s.w.DefaultSecurityFilterChain [restartedMain] Will secure any request with [org.springframework.security.web.session.DisableEncodeUrlFilter@6cab6051, org.springframework.security.web.context.request.async.WebAsyncManagerIntegrationFilter@228562a3, org.springframework.security.web.context.SecurityContextHolderFilter@3535b2f8, org.springframework.security.web.header.HeaderWriterFilter@675d4892, org.springframework.web.filter.CorsFilter@53010c7b, org.springframework.security.web.authentication.logout.LogoutFilter@44dce88b, org.springframework.security.web.authentication.UsernamePasswordAuthenticationFilter@4cdbe3b7, org.springframework.security.web.savedrequest.RequestCacheAwareFilter@45e8f4e9, org.springframework.security.web.servletapi.SecurityContextHolderAwareRequestFilter@5934f9d1, org.springframework.security.web.authentication.rememberme.RememberMeAuthenticationFilter@3c49a797, org.springframework.security.web.authentication.AnonymousAuthenticationFilter@403d88a2, org.springframework.security.web.access.ExceptionTranslationFilter@53bef24d, org.springframework.security.web.access.intercept.AuthorizationFilter@38221bc7]
2025-01-03 21:58:06,375 INFO o.s.b.d.a.OptionalLiveReloadServer [restartedMain] LiveReload server is running on port 35729
2025-01-03 21:58:06,409 INFO o.a.j.l.DirectJDKLog [restartedMain] Starting ProtocolHandler ["http-nio-8443"]
2025-01-03 21:58:06,457 INFO o.s.b.w.e.t.TomcatWebServer [restartedMain] Tomcat started on port 8443 (http) with context path ''
2025-01-03 21:58:06,470 INFO o.s.b.StartupInfoLogger [restartedMain] Started Application in 5.734 seconds (process running for 6.244)
2025-01-03 21:58:06,476 INFO c.c.u.LoggerUtil [restartedMain] Headless mode check - GraphicsEnvironment: false, System property: false
2025-01-03 21:58:07,772 INFO c.c.u.LoggerUtil [AWT-EventQueue-0] System tray icon created successfully
2025-01-03 21:58:07,773 INFO c.c.u.LoggerUtil [AWT-EventQueue-0] System tray initialized successfully
2025-01-03 21:58:10,694 INFO c.c.u.LoggerUtil [AWT-EventQueue-0] Opening CTTT application in browser
2025-01-03 21:58:10,809 INFO o.a.j.l.DirectJDKLog [http-nio-8443-exec-1] Initializing Spring DispatcherServlet 'dispatcherServlet'
2025-01-03 21:58:10,809 INFO o.s.w.s.FrameworkServlet [http-nio-8443-exec-1] Initializing Servlet 'dispatcherServlet'
2025-01-03 21:58:10,811 INFO o.s.w.s.FrameworkServlet [http-nio-8443-exec-1] Completed initialization in 1 ms
2025-01-03 21:58:10,825 WARN o.s.w.s.h.HandlerMappingIntrospector$CacheResultLogHelper [http-nio-8443-exec-1] Cache miss for REQUEST dispatch to '/' (previous null). Performing CorsConfiguration lookup. This is logged once only at WARN level, and every time at TRACE.
2025-01-03 21:58:10,856 INFO c.c.u.LoggerUtil [http-nio-8443-exec-2] Accessing login page
2025-01-03 21:58:10,856 DEBUG c.c.u.LoggerUtil [http-nio-8443-exec-2] Network mode availability: true
2025-01-03 21:58:10,857 DEBUG c.c.u.LoggerUtil [http-nio-8443-exec-2] Offline mode availability: true
2025-01-03 21:58:13,248 INFO c.c.u.LoggerUtil [http-nio-8443-exec-3] Starting authentication process for user: laura
2025-01-03 21:58:13,258 INFO c.c.u.LoggerUtil [http-nio-8443-exec-3] Loading user details for: laura
2025-01-03 21:58:13,322 INFO c.c.u.LoggerUtil [http-nio-8443-exec-3] Successfully authenticated user laura
2025-01-03 21:58:13,346 INFO c.c.u.LoggerUtil [http-nio-8443-exec-3] Loading user details for: laura
2025-01-03 21:58:13,347 INFO c.c.u.LoggerUtil [http-nio-8443-exec-3] Created 3 local directories successfully
2025-01-03 21:58:13,350 DEBUG c.c.u.LoggerUtil [http-nio-8443-exec-3] Found local session for user laura
2025-01-03 21:58:13,351 DEBUG c.c.u.LoggerUtil [http-nio-8443-exec-3] Found network session for user laura
2025-01-03 21:58:13,360 INFO c.c.u.LoggerUtil [http-nio-8443-exec-3] Successfully wrote data to file: D:\serverlocalgrafubu\CTTT\dbj\user\usersession\session_laura_4.json
2025-01-03 21:58:13,361 INFO c.c.u.LoggerUtil [http-nio-8443-exec-3] Using newer local session for user laura
2025-01-03 21:58:13,361 INFO c.c.u.LoggerUtil [http-nio-8443-exec-3] Successfully handled login for user: laura (rememberMe: false)
2025-01-03 21:58:13,366 WARN o.s.w.s.h.HandlerMappingIntrospector$CacheResultLogHelper [http-nio-8443-exec-4] Cache miss for REQUEST dispatch to '/user' (previous null). Performing MatchableHandlerMapping lookup. This is logged once only at WARN level, and every time at TRACE.
2025-01-03 21:58:14,654 DEBUG c.c.u.LoggerUtil [http-nio-8443-exec-5] Found local session for user laura
2025-01-03 21:58:14,654 DEBUG c.c.u.LoggerUtil [http-nio-8443-exec-5] Found network session for user laura
2025-01-03 21:58:14,655 INFO c.c.u.LoggerUtil [http-nio-8443-exec-5] Successfully wrote data to file: D:\serverlocalgrafubu\CTTT\dbj\user\usersession\session_laura_4.json
2025-01-03 21:58:14,655 INFO c.c.u.LoggerUtil [http-nio-8443-exec-5] Using newer local session for user laura
2025-01-03 21:58:14,656 DEBUG c.c.u.LoggerUtil [http-nio-8443-exec-5] Model attributes: {syncStatus=SyncFolderStatus(network=true, local=true, syncError=null, retryCount=0, nextRetry=0), sessionStatus=Offline, currentDateTime=03/01/2025 :: 21:58, dayStartTime=03/01/2025 :: 21:21, totalWorkRaw=00:13, temporaryStopCount=0, totalTemporaryStopTime=00:00, overtime=00:00, lunchBreakStatus=false, actualWorkTime=00:13}
2025-01-03 21:58:15,941 DEBUG c.c.u.LoggerUtil [http-nio-8443-exec-6] Found local session for user laura
2025-01-03 21:58:15,941 DEBUG c.c.u.LoggerUtil [http-nio-8443-exec-6] Found network session for user laura
2025-01-03 21:58:15,941 INFO c.c.u.LoggerUtil [http-nio-8443-exec-6] Successfully wrote data to file: D:\serverlocalgrafubu\CTTT\dbj\user\usersession\session_laura_4.json
2025-01-03 21:58:15,941 INFO c.c.u.LoggerUtil [http-nio-8443-exec-6] Using newer local session for user laura
2025-01-03 21:58:15,941 INFO c.c.u.LoggerUtil [http-nio-8443-exec-6] Successfully wrote data to file: D:\serverlocalgrafubu\CTTT\dbj\user\usersession\session_laura_4.json
2025-01-03 21:58:15,959 INFO c.c.u.LoggerUtil [http-nio-8443-exec-6] Successfully wrote data to file: D:\serverlocalgrafubu\CTTT\dbj\user\userworktime\worktime_laura_2025_01.json
2025-01-03 21:58:15,959 INFO c.c.u.LoggerUtil [http-nio-8443-exec-6] Saved worktime entry for user laura on 2025-01-03
2025-01-03 21:58:15,960 INFO c.c.u.LoggerUtil [http-nio-8443-exec-6] Started new session for user laura (start time set to 2025-01-03T21:48:15.941680200)
2025-01-03 21:58:15,967 INFO c.c.u.LoggerUtil [http-nio-8443-exec-7] Calculated work time for user laura - Raw: 10, Breaks: 0 (0 stops)
2025-01-03 21:58:15,968 INFO c.c.u.LoggerUtil [http-nio-8443-exec-7] Successfully wrote data to file: D:\serverlocalgrafubu\CTTT\dbj\user\usersession\session_laura_4.json
2025-01-03 21:58:15,968 INFO c.c.u.LoggerUtil [http-nio-8443-exec-7] Session persisted for user: laura
2025-01-03 21:58:15,968 DEBUG c.c.u.LoggerUtil [http-nio-8443-exec-7] Model attributes: {syncStatus=SyncFolderStatus(network=true, local=true, syncError=null, retryCount=0, nextRetry=0), sessionStatus=Online, currentDateTime=03/01/2025 :: 21:58, dayStartTime=03/01/2025 :: 21:48, totalWorkRaw=00:10, temporaryStopCount=0, totalTemporaryStopTime=00:00, overtime=00:00, lunchBreakStatus=false, actualWorkTime=00:00}
2025-01-03 21:59:56,415 INFO o.s.b.d.a.LocalDevToolsAutoConfiguration$RestartingClassPathChangeChangedEventListener [File Watcher] Restarting due to 1 class path change (0 additions, 0 deletions, 1 modification)
2025-01-03 21:59:56,415 INFO o.a.j.l.DirectJDKLog [Thread-5] Stopping ProtocolHandler ["http-nio-8443"]
2025-01-03 21:59:56,435 INFO o.s.o.j.AbstractEntityManagerFactoryBean [Thread-5] Closing JPA EntityManagerFactory for persistence unit 'default'
2025-01-03 21:59:56,440 WARN o.s.b.f.s.DisposableBeanAdapter [Thread-5] Invocation of destroy method failed on bean with name 'inMemoryDatabaseShutdownExecutor': org.h2.jdbc.JdbcSQLNonTransientConnectionException: Database is already closed (to disable automatic closing at VM shutdown, add ";DB_CLOSE_ON_EXIT=FALSE" to the db URL) [90121-224]
2025-01-03 21:59:56,446 INFO c.z.h.HikariDataSource [Thread-5] HikariPool-1 - Shutdown initiated...
2025-01-03 21:59:56,447 INFO c.z.h.HikariDataSource [Thread-5] HikariPool-1 - Shutdown completed.
2025-01-03 21:59:56,540 INFO o.s.b.StartupInfoLogger [restartedMain] Starting Application using Java 17.0.12 with PID 3260 (D:\WorkT\Projects Java\GraphDepG\target\classes started by thlho in D:\WorkT\Projects Java\GraphDepG)
2025-01-03 21:59:56,540 DEBUG o.s.b.StartupInfoLogger [restartedMain] Running with Spring Boot v3.2.0, Spring v6.1.1
2025-01-03 21:59:56,541 INFO o.s.b.SpringApplication [restartedMain] No active profile set, falling back to 1 default profile: "default"
2025-01-03 21:59:56,840 INFO o.s.d.r.c.RepositoryConfigurationDelegate [restartedMain] Bootstrapping Spring Data JPA repositories in DEFAULT mode.
2025-01-03 21:59:56,840 INFO o.s.d.r.c.RepositoryConfigurationDelegate [restartedMain] Finished Spring Data repository scanning in 4 ms. Found 0 JPA repository interfaces.
2025-01-03 21:59:56,983 INFO o.s.b.w.e.t.TomcatWebServer [restartedMain] Tomcat initialized with port 8443 (http)
2025-01-03 21:59:56,983 INFO o.a.j.l.DirectJDKLog [restartedMain] Initializing ProtocolHandler ["http-nio-8443"]
2025-01-03 21:59:56,983 INFO o.a.j.l.DirectJDKLog [restartedMain] Starting service [Tomcat]
2025-01-03 21:59:56,983 INFO o.a.j.l.DirectJDKLog [restartedMain] Starting Servlet engine: [Apache Tomcat/10.1.16]
2025-01-03 21:59:57,011 INFO o.a.j.l.DirectJDKLog [restartedMain] Initializing Spring embedded WebApplicationContext
2025-01-03 21:59:57,012 INFO o.s.b.w.s.c.ServletWebServerApplicationContext [restartedMain] Root WebApplicationContext: initialization completed in 471 ms
2025-01-03 21:59:57,017 INFO c.z.h.HikariDataSource [restartedMain] HikariPool-2 - Starting...
2025-01-03 21:59:57,017 INFO c.z.h.p.HikariPool [restartedMain] HikariPool-2 - Added connection conn5: url=jdbc:h2:mem:ctgraphdb user=SA
2025-01-03 21:59:57,017 INFO c.z.h.HikariDataSource [restartedMain] HikariPool-2 - Start completed.
2025-01-03 21:59:57,017 INFO o.s.b.a.h.H2ConsoleAutoConfiguration [restartedMain] H2 console available at '/h2-console'. Database available at 'jdbc:h2:mem:ctgraphdb'
2025-01-03 21:59:57,048 WARN o.a.j.l.DirectJDKLog [restartedMain] Cannot deserialize session attribute [SPRING_SECURITY_CONTEXT] for session [478A11A53A72531BFABA73DEDDFE10D7]
2025-01-03 21:59:57,063 INFO o.h.j.i.u.LogHelper [restartedMain] HHH000204: Processing PersistenceUnitInfo [name: default]
2025-01-03 21:59:57,063 INFO o.h.c.i.RegionFactoryInitiator [restartedMain] HHH000026: Second-level cache disabled
2025-01-03 21:59:57,063 INFO o.s.o.j.p.SpringPersistenceUnitInfo [restartedMain] No LoadTimeWeaver setup: ignoring JPA class transformer
2025-01-03 21:59:57,079 INFO o.h.e.t.j.p.i.JtaPlatformInitiator [restartedMain] HHH000489: No JTA platform available (set 'hibernate.transaction.jta.platform' to enable JTA platform integration)
2025-01-03 21:59:57,079 INFO o.s.o.j.AbstractEntityManagerFactoryBean [restartedMain] Initialized JPA EntityManagerFactory for persistence unit 'default'
2025-01-03 21:59:57,095 INFO c.c.u.LoggerUtil [restartedMain] Initializing PathConfig$$SpringCGLIB$$0: Initializing Path Configuration
2025-01-03 21:59:57,095 INFO c.c.u.LoggerUtil [restartedMain] Initialized paths - Network: D:\serverlocalgrafubu\CTTT, Installation: D:\serverlocalhome\CTTT, Development: D:\serverlocaldevelopment
2025-01-03 21:59:57,095 INFO c.c.u.LoggerUtil [restartedMain] Initialized directory mappings
2025-01-03 21:59:57,095 INFO c.c.u.LoggerUtil [restartedMain] Using network path: D:\serverlocalgrafubu\CTTT
2025-01-03 21:59:57,111 INFO c.c.u.LoggerUtil [restartedMain] Initializing DataAccessService: Initializing Data Access Service
2025-01-03 21:59:57,139 INFO c.c.u.LoggerUtil [restartedMain] Initializing UserServiceImpl: Initializing User Service
2025-01-03 21:59:57,141 INFO c.c.u.LoggerUtil [restartedMain] Initializing UserWorkTimeService: Initializing User WorkTime Service
2025-01-03 21:59:57,144 INFO c.c.u.LoggerUtil [restartedMain] Initializing SessionPersistenceService: Initializing Session Persistence Service
2025-01-03 21:59:57,154 INFO c.c.u.LoggerUtil [restartedMain] Initializing UserSessionService: Initializing User Session Service
2025-01-03 21:59:57,154 INFO c.c.u.LoggerUtil [restartedMain] Initializing AuthenticationService: Initializing Authentication Service
2025-01-03 21:59:57,154 INFO c.c.u.LoggerUtil [restartedMain] Initializing AboutController: Initializing About Controller
2025-01-03 21:59:57,162 INFO c.c.u.LoggerUtil [restartedMain] Initializing FolderStatusService: Initializing Folder Status Service
2025-01-03 21:59:57,170 INFO c.c.u.LoggerUtil [restartedMain] Initializing AdminBonusService: Initializing Admin Bonus Service
2025-01-03 21:59:57,170 INFO c.c.u.LoggerUtil [restartedMain] Initializing AdminBonusController: Initializing Admin Bonus Controller
2025-01-03 21:59:57,191 INFO c.c.u.LoggerUtil [restartedMain] Initializing OnlineMetricsService: Initializing Online Metrics Service
2025-01-03 21:59:57,203 INFO c.c.u.LoggerUtil [restartedMain] Added permissions for role ROLE_USER: REQUEST_TIMEOFF, MANAGE_USER_REGISTER, MANAGE_ACCOUNT, VIEW_STATUS_USER, ACCESS_OMS, MANAGE_SESSION, VIEW_WORKTIME_USER
2025-01-03 21:59:57,203 INFO c.c.u.LoggerUtil [restartedMain] Added permissions for role ROLE_ADMIN: ACCESS_OMS, MANAGE_ACCOUNT, VIEW_STATUS_ADMIN, MANAGE_ADMIN_REGISTER, MANAGE_SESSION, MANAGE_SETTINGS, VIEW_WORKTIME_ADMIN, REQUEST_TIMEOFF, MANAGE_USER_REGISTER, MANAGE_HOLIDAYS
2025-01-03 21:59:57,203 INFO c.c.u.LoggerUtil [restartedMain] Added permissions for role ROLE_TEAM_LEADER: MANAGE_SESSION, VIEW_STATUS_ADMIN, VIEW_WORKTIME_USER
2025-01-03 21:59:57,203 INFO c.c.u.LoggerUtil [restartedMain] Initializing AdminDashboardController: Initializing Base Dashboard Controller
2025-01-03 21:59:57,214 INFO c.c.u.LoggerUtil [restartedMain] Initializing AdminPaidHolidayService: Initializing Paid Holiday Service
2025-01-03 21:59:57,214 INFO c.c.u.LoggerUtil [restartedMain] Initializing HolidayHistoryService: Initializing Holiday History Service
2025-01-03 21:59:57,214 INFO c.c.u.LoggerUtil [restartedMain] Initializing AdminHolidayController: Initializing Paid Holiday Controller
2025-01-03 21:59:57,229 INFO c.c.u.LoggerUtil [restartedMain] Initializing WorkTimeManagementService: Initializing WorkTime Management Service
2025-01-03 21:59:57,229 INFO c.c.u.LoggerUtil [restartedMain] Initializing AdminRegisterController: Initializing Admin Register Controller
2025-01-03 21:59:57,241 INFO c.c.u.LoggerUtil [restartedMain] Initializing HolidayManagementService: Initializing Holiday Management Service
2025-01-03 21:59:57,241 INFO c.c.u.LoggerUtil [restartedMain] Initializing UserManagementService: Initializing User Management Service
2025-01-03 21:59:57,241 INFO c.c.u.LoggerUtil [restartedMain] Initializing AdminSettingsController: Initializing Admin Settings Controller
2025-01-03 21:59:57,246 INFO c.c.u.LoggerUtil [restartedMain] Initializing WorkTimeConsolidationService: Initializing WorkTime Consolidation Service
2025-01-03 21:59:57,261 INFO c.c.u.LoggerUtil [restartedMain] Initializing AdminWorkTimeController: Initializing Admin Worktime Controller
2025-01-03 21:59:57,261 INFO c.c.u.LoggerUtil [restartedMain] Initializing FolderStatusController: Initializing Status Controller
2025-01-03 21:59:57,261 INFO c.c.u.LoggerUtil [restartedMain] Initializing HomeController: Initializing Home Controller
2025-01-03 21:59:57,271 INFO c.c.u.LoggerUtil [restartedMain] Initializing LoginController: Initializing Login Controller
2025-01-03 21:59:57,273 INFO c.c.u.LoggerUtil [restartedMain] Initializing StatusController: Initializing Status Controller
2025-01-03 21:59:57,277 INFO c.c.u.LoggerUtil [restartedMain] Initializing UserDashboardController: Initializing Base Dashboard Controller
2025-01-03 21:59:57,282 INFO c.c.u.LoggerUtil [restartedMain] Initializing UserRegisterService: Initializing Register Service
2025-01-03 21:59:57,285 INFO c.c.u.LoggerUtil [restartedMain] Initializing UserRegisterController: Initializing Register Controller
2025-01-03 21:59:57,287 INFO c.c.u.LoggerUtil [restartedMain] Initializing UserRestController: Initializing User REST Controller
2025-01-03 21:59:57,290 INFO c.c.u.LoggerUtil [restartedMain] Initializing SessionCalculationService: Initializing Session Calculation Service
2025-01-03 21:59:57,293 INFO c.c.u.LoggerUtil [restartedMain] Initializing UserSessionController: Initializing User Session Controller
2025-01-03 21:59:57,296 INFO c.c.u.LoggerUtil [restartedMain] Initializing UserSettingsController: Initializing User Settings Controller
2025-01-03 21:59:57,300 INFO c.c.u.LoggerUtil [restartedMain] Initializing UserTimeOffService: Initializing User Time Off Service
2025-01-03 21:59:57,310 INFO c.c.u.LoggerUtil [restartedMain] Initializing UserWorkTimeDisplayService: Initializing User Worktime Display Service
2025-01-03 21:59:57,313 INFO c.c.u.LoggerUtil [restartedMain] Initializing WorkTimeEntrySyncService: Initializing WorkTime Entry Sync Service
2025-01-03 21:59:57,314 INFO c.c.u.LoggerUtil [restartedMain] Initializing UserWorktimeController: Initializing User Worktime Controller
2025-01-03 21:59:57,315 INFO c.c.u.LoggerUtil [restartedMain] Initializing CustomAuthenticationProvider: Initializing Custom Authentication Provider
2025-01-03 21:59:57,317 INFO c.c.u.LoggerUtil [restartedMain] Initializing CustomUserDetailsService: Initializing Custom User Details Service
2025-01-03 21:59:57,341 INFO c.c.u.LoggerUtil [restartedMain] Started monitoring session for user: laura
2025-01-03 21:59:57,357 INFO c.c.u.LoggerUtil [restartedMain] Initializing CustomAuthenticationProvider: Initializing Custom Authentication Provider
2025-01-03 21:59:57,403 INFO o.s.s.w.DefaultSecurityFilterChain [restartedMain] Will secure any request with [org.springframework.security.web.session.DisableEncodeUrlFilter@e7762c6, org.springframework.security.web.context.request.async.WebAsyncManagerIntegrationFilter@1f62b5b, org.springframework.security.web.context.SecurityContextHolderFilter@4e096ede, org.springframework.security.web.header.HeaderWriterFilter@463e91ad, org.springframework.web.filter.CorsFilter@68a5036e, org.springframework.security.web.authentication.logout.LogoutFilter@460a7d51, org.springframework.security.web.authentication.UsernamePasswordAuthenticationFilter@1b6e5a99, org.springframework.security.web.savedrequest.RequestCacheAwareFilter@7bb3c50b, org.springframework.security.web.servletapi.SecurityContextHolderAwareRequestFilter@71f1c005, org.springframework.security.web.authentication.rememberme.RememberMeAuthenticationFilter@e9b5c50, org.springframework.security.web.authentication.AnonymousAuthenticationFilter@3c88bbf6, org.springframework.security.web.access.ExceptionTranslationFilter@66dd82aa, org.springframework.security.web.access.intercept.AuthorizationFilter@5cfa6e95]
2025-01-03 21:59:57,475 INFO o.s.b.d.a.OptionalLiveReloadServer [restartedMain] LiveReload server is running on port 35729
2025-01-03 21:59:57,483 INFO o.a.j.l.DirectJDKLog [restartedMain] Starting ProtocolHandler ["http-nio-8443"]
2025-01-03 21:59:57,486 INFO o.s.b.w.e.t.TomcatWebServer [restartedMain] Tomcat started on port 8443 (http) with context path ''
2025-01-03 21:59:57,490 INFO o.s.b.StartupInfoLogger [restartedMain] Started Application in 0.991 seconds (process running for 117.265)
2025-01-03 21:59:57,494 INFO o.s.b.d.a.ConditionEvaluationDeltaLoggingListener [restartedMain] Condition evaluation unchanged
2025-01-03 21:59:57,494 INFO c.c.u.LoggerUtil [restartedMain] Headless mode check - GraphicsEnvironment: false, System property: false
2025-01-03 21:59:58,542 INFO c.c.u.LoggerUtil [AWT-EventQueue-0] System tray icon created successfully
2025-01-03 21:59:58,542 INFO c.c.u.LoggerUtil [AWT-EventQueue-0] System tray initialized successfully
2025-01-03 22:00:23,130 INFO o.s.o.j.AbstractEntityManagerFactoryBean [SpringApplicationShutdownHook] Closing JPA EntityManagerFactory for persistence unit 'default'
2025-01-03 22:00:23,130 WARN o.s.b.f.s.DisposableBeanAdapter [SpringApplicationShutdownHook] Invocation of destroy method failed on bean with name 'inMemoryDatabaseShutdownExecutor': org.h2.jdbc.JdbcSQLNonTransientConnectionException: Database is already closed (to disable automatic closing at VM shutdown, add ";DB_CLOSE_ON_EXIT=FALSE" to the db URL) [90121-224]
2025-01-03 22:00:23,130 INFO c.z.h.HikariDataSource [SpringApplicationShutdownHook] HikariPool-2 - Shutdown initiated...
2025-01-03 22:00:23,130 INFO c.z.h.HikariDataSource [SpringApplicationShutdownHook] HikariPool-2 - Shutdown completed.
2025-01-03 22:00:31,928 INFO o.h.v.i.u.Version [background-preinit] HV000001: Hibernate Validator 8.0.1.Final
2025-01-03 22:00:31,984 INFO o.s.b.StartupInfoLogger [restartedMain] Starting Application using Java 17.0.12 with PID 19508 (D:\WorkT\Projects Java\GraphDepG\target\classes started by thlho in D:\WorkT\Projects Java\GraphDepG)
2025-01-03 22:00:31,984 DEBUG o.s.b.StartupInfoLogger [restartedMain] Running with Spring Boot v3.2.0, Spring v6.1.1
2025-01-03 22:00:31,984 INFO o.s.b.SpringApplication [restartedMain] No active profile set, falling back to 1 default profile: "default"
2025-01-03 22:00:32,249 INFO o.s.b.l.DeferredLog [restartedMain] Devtools property defaults active! Set 'spring.devtools.add-properties' to 'false' to disable
2025-01-03 22:00:32,249 INFO o.s.b.l.DeferredLog [restartedMain] For additional web related logging consider setting the 'logging.level.web' property to 'DEBUG'
2025-01-03 22:00:32,939 INFO o.s.d.r.c.RepositoryConfigurationDelegate [restartedMain] Bootstrapping Spring Data JPA repositories in DEFAULT mode.
2025-01-03 22:00:32,956 INFO o.s.d.r.c.RepositoryConfigurationDelegate [restartedMain] Finished Spring Data repository scanning in 16 ms. Found 0 JPA repository interfaces.
2025-01-03 22:00:33,708 INFO o.s.b.w.e.t.TomcatWebServer [restartedMain] Tomcat initialized with port 8443 (http)
2025-01-03 22:00:33,716 INFO o.a.j.l.DirectJDKLog [restartedMain] Initializing ProtocolHandler ["http-nio-8443"]
2025-01-03 22:00:33,716 INFO o.a.j.l.DirectJDKLog [restartedMain] Starting service [Tomcat]
2025-01-03 22:00:33,716 INFO o.a.j.l.DirectJDKLog [restartedMain] Starting Servlet engine: [Apache Tomcat/10.1.16]
2025-01-03 22:00:33,802 INFO o.a.j.l.DirectJDKLog [restartedMain] Initializing Spring embedded WebApplicationContext
2025-01-03 22:00:33,802 INFO o.s.b.w.s.c.ServletWebServerApplicationContext [restartedMain] Root WebApplicationContext: initialization completed in 1553 ms
2025-01-03 22:00:33,859 INFO c.z.h.HikariDataSource [restartedMain] HikariPool-1 - Starting...
2025-01-03 22:00:34,156 INFO c.z.h.p.HikariPool [restartedMain] HikariPool-1 - Added connection conn0: url=jdbc:h2:mem:ctgraphdb user=SA
2025-01-03 22:00:34,156 INFO c.z.h.HikariDataSource [restartedMain] HikariPool-1 - Start completed.
2025-01-03 22:00:34,172 INFO o.s.b.a.h.H2ConsoleAutoConfiguration [restartedMain] H2 console available at '/h2-console'. Database available at 'jdbc:h2:mem:ctgraphdb'
2025-01-03 22:00:34,502 INFO o.h.j.i.u.LogHelper [restartedMain] HHH000204: Processing PersistenceUnitInfo [name: default]
2025-01-03 22:00:34,739 INFO o.h.Version [restartedMain] HHH000412: Hibernate ORM core version 6.3.1.Final
2025-01-03 22:00:34,822 INFO o.h.c.i.RegionFactoryInitiator [restartedMain] HHH000026: Second-level cache disabled
2025-01-03 22:00:34,986 INFO o.s.o.j.p.SpringPersistenceUnitInfo [restartedMain] No LoadTimeWeaver setup: ignoring JPA class transformer
2025-01-03 22:00:35,212 INFO o.h.e.t.j.p.i.JtaPlatformInitiator [restartedMain] HHH000489: No JTA platform available (set 'hibernate.transaction.jta.platform' to enable JTA platform integration)
2025-01-03 22:00:35,212 INFO o.s.o.j.AbstractEntityManagerFactoryBean [restartedMain] Initialized JPA EntityManagerFactory for persistence unit 'default'
2025-01-03 22:00:35,227 INFO c.c.u.LoggerUtil [restartedMain] Initializing PathConfig$$SpringCGLIB$$0: Initializing Path Configuration
2025-01-03 22:00:35,243 INFO c.c.u.LoggerUtil [restartedMain] Initialized paths - Network: D:\serverlocalgrafubu\CTTT, Installation: D:\serverlocalhome\CTTT, Development: D:\serverlocaldevelopment
2025-01-03 22:00:35,243 INFO c.c.u.LoggerUtil [restartedMain] Initialized directory mappings
2025-01-03 22:00:35,243 INFO c.c.u.LoggerUtil [restartedMain] Using network path: D:\serverlocalgrafubu\CTTT
2025-01-03 22:00:35,275 INFO c.c.u.LoggerUtil [restartedMain] Initializing DataAccessService: Initializing Data Access Service
2025-01-03 22:00:35,295 INFO c.c.u.LoggerUtil [restartedMain] Initializing UserServiceImpl: Initializing User Service
2025-01-03 22:00:35,297 INFO c.c.u.LoggerUtil [restartedMain] Initializing UserWorkTimeService: Initializing User WorkTime Service
2025-01-03 22:00:35,298 INFO c.c.u.LoggerUtil [restartedMain] Initializing SessionPersistenceService: Initializing Session Persistence Service
2025-01-03 22:00:35,322 INFO c.c.u.LoggerUtil [restartedMain] Initializing UserSessionService: Initializing User Session Service
2025-01-03 22:00:35,322 INFO c.c.u.LoggerUtil [restartedMain] Initializing AuthenticationService: Initializing Authentication Service
2025-01-03 22:00:35,322 INFO c.c.u.LoggerUtil [restartedMain] Initializing AboutController: Initializing About Controller
2025-01-03 22:00:35,337 INFO c.c.u.LoggerUtil [restartedMain] Initializing FolderStatusService: Initializing Folder Status Service
2025-01-03 22:00:35,337 INFO c.c.u.LoggerUtil [restartedMain] Initializing AdminBonusService: Initializing Admin Bonus Service
2025-01-03 22:00:35,337 INFO c.c.u.LoggerUtil [restartedMain] Initializing AdminBonusController: Initializing Admin Bonus Controller
2025-01-03 22:00:35,353 INFO c.c.u.LoggerUtil [restartedMain] Initializing OnlineMetricsService: Initializing Online Metrics Service
2025-01-03 22:00:35,369 INFO c.c.u.LoggerUtil [restartedMain] Added permissions for role ROLE_USER: MANAGE_USER_REGISTER, MANAGE_ACCOUNT, VIEW_STATUS_USER, ACCESS_OMS, MANAGE_SESSION, VIEW_WORKTIME_USER, REQUEST_TIMEOFF
2025-01-03 22:00:35,369 INFO c.c.u.LoggerUtil [restartedMain] Added permissions for role ROLE_ADMIN: VIEW_STATUS_ADMIN, MANAGE_ADMIN_REGISTER, MANAGE_SESSION, MANAGE_SETTINGS, VIEW_WORKTIME_ADMIN, REQUEST_TIMEOFF, MANAGE_USER_REGISTER, MANAGE_HOLIDAYS, ACCESS_OMS, MANAGE_ACCOUNT
2025-01-03 22:00:35,369 INFO c.c.u.LoggerUtil [restartedMain] Added permissions for role ROLE_TEAM_LEADER: VIEW_STATUS_ADMIN, VIEW_WORKTIME_USER, MANAGE_SESSION
2025-01-03 22:00:35,369 INFO c.c.u.LoggerUtil [restartedMain] Initializing AdminDashboardController: Initializing Base Dashboard Controller
2025-01-03 22:00:35,369 INFO c.c.u.LoggerUtil [restartedMain] Initializing AdminPaidHolidayService: Initializing Paid Holiday Service
2025-01-03 22:00:35,369 INFO c.c.u.LoggerUtil [restartedMain] Initializing HolidayHistoryService: Initializing Holiday History Service
2025-01-03 22:00:35,369 INFO c.c.u.LoggerUtil [restartedMain] Initializing AdminHolidayController: Initializing Paid Holiday Controller
2025-01-03 22:00:35,384 INFO c.c.u.LoggerUtil [restartedMain] Initializing WorkTimeManagementService: Initializing WorkTime Management Service
2025-01-03 22:00:35,403 INFO c.c.u.LoggerUtil [restartedMain] Initializing AdminRegisterController: Initializing Admin Register Controller
2025-01-03 22:00:35,403 INFO c.c.u.LoggerUtil [restartedMain] Initializing HolidayManagementService: Initializing Holiday Management Service
2025-01-03 22:00:35,403 INFO c.c.u.LoggerUtil [restartedMain] Initializing UserManagementService: Initializing User Management Service
2025-01-03 22:00:35,403 INFO c.c.u.LoggerUtil [restartedMain] Initializing AdminSettingsController: Initializing Admin Settings Controller
2025-01-03 22:00:35,416 INFO c.c.u.LoggerUtil [restartedMain] Initializing WorkTimeConsolidationService: Initializing WorkTime Consolidation Service
2025-01-03 22:00:35,416 INFO c.c.u.LoggerUtil [restartedMain] Initializing AdminWorkTimeController: Initializing Admin Worktime Controller
2025-01-03 22:00:35,416 INFO c.c.u.LoggerUtil [restartedMain] Initializing FolderStatusController: Initializing Status Controller
2025-01-03 22:00:35,416 INFO c.c.u.LoggerUtil [restartedMain] Initializing HomeController: Initializing Home Controller
2025-01-03 22:00:35,431 INFO c.c.u.LoggerUtil [restartedMain] Initializing LoginController: Initializing Login Controller
2025-01-03 22:00:35,432 INFO c.c.u.LoggerUtil [restartedMain] Initializing StatusController: Initializing Status Controller
2025-01-03 22:00:35,432 INFO c.c.u.LoggerUtil [restartedMain] Initializing UserDashboardController: Initializing Base Dashboard Controller
2025-01-03 22:00:35,432 INFO c.c.u.LoggerUtil [restartedMain] Initializing UserRegisterService: Initializing Register Service
2025-01-03 22:00:35,432 INFO c.c.u.LoggerUtil [restartedMain] Initializing UserRegisterController: Initializing Register Controller
2025-01-03 22:00:35,447 INFO c.c.u.LoggerUtil [restartedMain] Initializing UserRestController: Initializing User REST Controller
2025-01-03 22:00:35,450 INFO c.c.u.LoggerUtil [restartedMain] Initializing SessionCalculationService: Initializing Session Calculation Service
2025-01-03 22:00:35,450 INFO c.c.u.LoggerUtil [restartedMain] Initializing UserSessionController: Initializing User Session Controller
2025-01-03 22:00:35,450 INFO c.c.u.LoggerUtil [restartedMain] Initializing UserSettingsController: Initializing User Settings Controller
2025-01-03 22:00:35,463 INFO c.c.u.LoggerUtil [restartedMain] Initializing UserTimeOffService: Initializing User Time Off Service
2025-01-03 22:00:35,479 INFO c.c.u.LoggerUtil [restartedMain] Initializing UserWorkTimeDisplayService: Initializing User Worktime Display Service
2025-01-03 22:00:35,479 INFO c.c.u.LoggerUtil [restartedMain] Initializing WorkTimeEntrySyncService: Initializing WorkTime Entry Sync Service
2025-01-03 22:00:35,479 INFO c.c.u.LoggerUtil [restartedMain] Initializing UserWorktimeController: Initializing User Worktime Controller
2025-01-03 22:00:35,479 INFO c.c.u.LoggerUtil [restartedMain] Initializing CustomAuthenticationProvider: Initializing Custom Authentication Provider
2025-01-03 22:00:35,479 INFO c.c.u.LoggerUtil [restartedMain] Initializing CustomUserDetailsService: Initializing Custom User Details Service
2025-01-03 22:00:35,605 INFO c.c.u.LoggerUtil [restartedMain] Started monitoring session for user: laura
2025-01-03 22:00:35,817 INFO c.c.u.LoggerUtil [restartedMain] Initializing CustomAuthenticationProvider: Initializing Custom Authentication Provider
2025-01-03 22:00:36,108 INFO o.s.s.w.DefaultSecurityFilterChain [restartedMain] Will secure any request with [org.springframework.security.web.session.DisableEncodeUrlFilter@2f1c3f98, org.springframework.security.web.context.request.async.WebAsyncManagerIntegrationFilter@3c49a797, org.springframework.security.web.context.SecurityContextHolderFilter@675d4892, org.springframework.security.web.header.HeaderWriterFilter@1a56f81a, org.springframework.web.filter.CorsFilter@2ca7f108, org.springframework.security.web.authentication.logout.LogoutFilter@168bd6a4, org.springframework.security.web.authentication.UsernamePasswordAuthenticationFilter@24087e63, org.springframework.security.web.savedrequest.RequestCacheAwareFilter@6e6e45c0, org.springframework.security.web.servletapi.SecurityContextHolderAwareRequestFilter@3535b2f8, org.springframework.security.web.authentication.rememberme.RememberMeAuthenticationFilter@2bc77729, org.springframework.security.web.authentication.AnonymousAuthenticationFilter@6cab6051, org.springframework.security.web.access.ExceptionTranslationFilter@20850469, org.springframework.security.web.access.intercept.AuthorizationFilter@3e995296]
2025-01-03 22:00:36,800 INFO o.s.b.d.a.OptionalLiveReloadServer [restartedMain] LiveReload server is running on port 35729
2025-01-03 22:00:36,832 INFO o.a.j.l.DirectJDKLog [restartedMain] Starting ProtocolHandler ["http-nio-8443"]
2025-01-03 22:00:36,878 INFO o.s.b.w.e.t.TomcatWebServer [restartedMain] Tomcat started on port 8443 (http) with context path ''
2025-01-03 22:00:36,904 INFO o.s.b.StartupInfoLogger [restartedMain] Started Application in 5.337 seconds (process running for 5.732)
2025-01-03 22:00:36,929 INFO c.c.u.LoggerUtil [restartedMain] Headless mode check - GraphicsEnvironment: false, System property: false
2025-01-03 22:00:38,177 INFO c.c.u.LoggerUtil [AWT-EventQueue-0] System tray icon created successfully
2025-01-03 22:00:38,177 INFO c.c.u.LoggerUtil [AWT-EventQueue-0] System tray initialized successfully
2025-01-03 22:05:07,927 INFO o.s.o.j.AbstractEntityManagerFactoryBean [SpringApplicationShutdownHook] Closing JPA EntityManagerFactory for persistence unit 'default'
2025-01-03 22:05:07,934 WARN o.s.b.f.s.DisposableBeanAdapter [SpringApplicationShutdownHook] Invocation of destroy method failed on bean with name 'inMemoryDatabaseShutdownExecutor': org.h2.jdbc.JdbcSQLNonTransientConnectionException: Database is already closed (to disable automatic closing at VM shutdown, add ";DB_CLOSE_ON_EXIT=FALSE" to the db URL) [90121-224]
2025-01-03 22:05:07,934 INFO c.z.h.HikariDataSource [SpringApplicationShutdownHook] HikariPool-1 - Shutdown initiated...
2025-01-03 22:05:07,934 INFO c.z.h.HikariDataSource [SpringApplicationShutdownHook] HikariPool-1 - Shutdown completed.
